Flow report for renderer_top
Mon Jan 04 04:16:31 2021
Quartus Prime Version 18.1.0 Build 625 09/12/2018 SJ Lite Edition


---------------------
; Table of Contents ;
---------------------
  1. Legal Notice
  2. Flow Summary
  3. Flow Settings
  4. Flow Non-Default Global Settings
  5. Flow Elapsed Time
  6. Flow OS Summary
  7. Flow Log
  8. Flow Messages
  9. Flow Suppressed Messages



----------------
; Legal Notice ;
----------------
Copyright (C) 2018  Intel Corporation. All rights reserved.
Your use of Intel Corporation's design tools, logic functions 
and other software and tools, and its AMPP partner logic 
functions, and any output files from any of the foregoing 
(including device programming or simulation files), and any 
associated documentation or information are expressly subject 
to the terms and conditions of the Intel Program License 
Subscription Agreement, the Intel Quartus Prime License Agreement,
the Intel FPGA IP License Agreement, or other applicable license
agreement, including, without limitation, that your use is for
the sole purpose of programming logic devices manufactured by
Intel and sold by Intel or its authorized distributors.  Please
refer to the applicable agreement for further details.



+----------------------------------------------------------------------------------+
; Flow Summary                                                                     ;
+------------------------------------+---------------------------------------------+
; Flow Status                        ; Successful - Mon Jan 04 04:16:31 2021       ;
; Quartus Prime Version              ; 18.1.0 Build 625 09/12/2018 SJ Lite Edition ;
; Revision Name                      ; renderer_top                                ;
; Top-level Entity Name              ; renderer_top                                ;
; Family                             ; Cyclone IV E                                ;
; Device                             ; EP4CE115F29C7                               ;
; Timing Models                      ; Final                                       ;
; Total logic elements               ; 23,404 / 114,480 ( 20 % )                   ;
;     Total combinational functions  ; 22,643 / 114,480 ( 20 % )                   ;
;     Dedicated logic registers      ; 2,742 / 114,480 ( 2 % )                     ;
; Total registers                    ; 2861                                        ;
; Total pins                         ; 144 / 529 ( 27 % )                          ;
; Total virtual pins                 ; 0                                           ;
; Total memory bits                  ; 633,656 / 3,981,312 ( 16 % )                ;
; Embedded Multiplier 9-bit elements ; 82 / 532 ( 15 % )                           ;
; Total PLLs                         ; 2 / 4 ( 50 % )                              ;
+------------------------------------+---------------------------------------------+


+-----------------------------------------+
; Flow Settings                           ;
+-------------------+---------------------+
; Option            ; Setting             ;
+-------------------+---------------------+
; Start date & time ; 01/04/2021 04:09:05 ;
; Main task         ; Compilation         ;
; Revision Name     ; renderer_top        ;
+-------------------+---------------------+


+------------------------------------------------------------------------------------------------------------------------------------------------------------------+
; Flow Non-Default Global Settings                                                                                                                                 ;
+--------------------------------------+---------------------------------------------------------------+---------------+-----------------+-------------------------+
; Assignment Name                      ; Value                                                         ; Default Value ; Entity Name     ; Section Id              ;
+--------------------------------------+---------------------------------------------------------------+---------------+-----------------+-------------------------+
; COMPILER_SIGNATURE_ID                ; 93180996658336.160970454512236                                ; --            ; --              ; --                      ;
; EDA_DESIGN_INSTANCE_NAME             ; NA                                                            ; --            ; --              ; renderer_top_testbench  ;
; EDA_DESIGN_INSTANCE_NAME             ; NA                                                            ; --            ; --              ; draw_triangle_testbench ;
; EDA_DESIGN_INSTANCE_NAME             ; NA                                                            ; --            ; --              ; draw_line_testbench     ;
; EDA_DESIGN_INSTANCE_NAME             ; NA                                                            ; --            ; --              ; triangle_fifo_testbench ;
; EDA_DESIGN_INSTANCE_NAME             ; NA                                                            ; --            ; --              ; clear_frame_testbench   ;
; EDA_NATIVELINK_SIMULATION_TEST_BENCH ; renderer_top_testbench                                        ; --            ; --              ; eda_simulation          ;
; EDA_OUTPUT_DATA_FORMAT               ; Systemverilog Hdl                                             ; --            ; --              ; eda_simulation          ;
; EDA_SIMULATION_TOOL                  ; ModelSim-Altera (SystemVerilog)                               ; <None>        ; --              ; --                      ;
; EDA_TEST_BENCH_ENABLE_STATUS         ; TEST_BENCH_MODE                                               ; --            ; --              ; eda_simulation          ;
; EDA_TEST_BENCH_FILE                  ; renderer_top_testbench.sv                                     ; --            ; --              ; renderer_top_testbench  ;
; EDA_TEST_BENCH_FILE                  ; draw_triangle_testbench.sv                                    ; --            ; --              ; draw_triangle_testbench ;
; EDA_TEST_BENCH_FILE                  ; draw_triangle_testbench.sv                                    ; --            ; --              ; draw_line_testbench     ;
; EDA_TEST_BENCH_FILE                  ; triangle_fifo_testbench.sv                                    ; --            ; --              ; triangle_fifo_testbench ;
; EDA_TEST_BENCH_FILE                  ; clear_frame_testbench.sv                                      ; --            ; --              ; clear_frame_testbench   ;
; EDA_TEST_BENCH_MODULE_NAME           ; renderer_top_testbench                                        ; --            ; --              ; renderer_top_testbench  ;
; EDA_TEST_BENCH_MODULE_NAME           ; draw_triangle_testbench                                       ; --            ; --              ; draw_triangle_testbench ;
; EDA_TEST_BENCH_MODULE_NAME           ; draw_line_testbench                                           ; --            ; --              ; draw_line_testbench     ;
; EDA_TEST_BENCH_MODULE_NAME           ; triangle_fifo_testbench                                       ; --            ; --              ; triangle_fifo_testbench ;
; EDA_TEST_BENCH_MODULE_NAME           ; clear_frame_testbench                                         ; --            ; --              ; clear_frame_testbench   ;
; EDA_TEST_BENCH_NAME                  ; draw_line_testbench                                           ; --            ; --              ; eda_simulation          ;
; EDA_TEST_BENCH_NAME                  ; draw_triangle_testbench                                       ; --            ; --              ; eda_simulation          ;
; EDA_TEST_BENCH_NAME                  ; clear_frame_testbench                                         ; --            ; --              ; eda_simulation          ;
; EDA_TEST_BENCH_NAME                  ; renderer_top_testbench                                        ; --            ; --              ; eda_simulation          ;
; EDA_TEST_BENCH_NAME                  ; triangle_fifo_testbench                                       ; --            ; --              ; eda_simulation          ;
; EDA_TEST_BENCH_RUN_SIM_FOR           ; 15 ms                                                         ; --            ; --              ; renderer_top_testbench  ;
; EDA_TEST_BENCH_RUN_SIM_FOR           ; 2000 ns                                                       ; --            ; --              ; draw_triangle_testbench ;
; EDA_TEST_BENCH_RUN_SIM_FOR           ; 2000 ns                                                       ; --            ; --              ; draw_line_testbench     ;
; EDA_TEST_BENCH_RUN_SIM_FOR           ; 1000 ns                                                       ; --            ; --              ; triangle_fifo_testbench ;
; EDA_TEST_BENCH_RUN_SIM_FOR           ; 7 ms                                                          ; --            ; --              ; clear_frame_testbench   ;
; EDA_TIME_SCALE                       ; 1 ns                                                          ; --            ; --              ; eda_simulation          ;
; FLOW_ENABLE_POWER_ANALYZER           ; On                                                            ; Off           ; --              ; --                      ;
; MAX_CORE_JUNCTION_TEMP               ; 85                                                            ; --            ; --              ; --                      ;
; MIN_CORE_JUNCTION_TEMP               ; 0                                                             ; --            ; --              ; --                      ;
; MISC_FILE                            ; nios_system/synthesis/../nios_system.cmp                      ; --            ; --              ; --                      ;
; MISC_FILE                            ; nios_system/synthesis/../../nios_system.qsys                  ; --            ; --              ; --                      ;
; MISC_FILE                            ; vga_clk.ppf                                                   ; --            ; --              ; --                      ;
; MISC_FILE                            ; ram_bb.v                                                      ; --            ; --              ; --                      ;
; NOMINAL_CORE_SUPPLY_VOLTAGE          ; 1.2V                                                          ; --            ; --              ; --                      ;
; PARTITION_COLOR                      ; -- (Not supported for targeted family)                        ; --            ; DE2_115_Default ; Top                     ;
; PARTITION_COLOR                      ; -- (Not supported for targeted family)                        ; --            ; lab8            ; Top                     ;
; PARTITION_COLOR                      ; -- (Not supported for targeted family)                        ; --            ; --              ; Top                     ;
; PARTITION_FITTER_PRESERVATION_LEVEL  ; -- (Not supported for targeted family)                        ; --            ; DE2_115_Default ; Top                     ;
; PARTITION_FITTER_PRESERVATION_LEVEL  ; -- (Not supported for targeted family)                        ; --            ; lab8            ; Top                     ;
; PARTITION_FITTER_PRESERVATION_LEVEL  ; -- (Not supported for targeted family)                        ; --            ; --              ; Top                     ;
; PARTITION_NETLIST_TYPE               ; -- (Not supported for targeted family)                        ; --            ; DE2_115_Default ; Top                     ;
; PARTITION_NETLIST_TYPE               ; -- (Not supported for targeted family)                        ; --            ; lab8            ; Top                     ;
; PARTITION_NETLIST_TYPE               ; -- (Not supported for targeted family)                        ; --            ; --              ; Top                     ;
; POWER_BOARD_THERMAL_MODEL            ; None (CONSERVATIVE)                                           ; --            ; --              ; --                      ;
; POWER_DEFAULT_INPUT_IO_TOGGLE_RATE   ; 12.5 %                                                        ; 12.5%         ; --              ; --                      ;
; POWER_PRESET_COOLING_SOLUTION        ; 23 MM HEAT SINK WITH 200 LFPM AIRFLOW                         ; --            ; --              ; --                      ;
; PROJECT_OUTPUT_DIRECTORY             ; output_files                                                  ; --            ; --              ; --                      ;
; SLD_FILE                             ; nios_system/synthesis/nios_system.regmap                      ; --            ; --              ; --                      ;
; SLD_FILE                             ; nios_system/synthesis/nios_system.debuginfo                   ; --            ; --              ; --                      ;
; SLD_INFO                             ; QSYS_NAME nios_system HAS_SOPCINFO 1 GENERATION_ID 1609152851 ; --            ; nios_system     ; --                      ;
; SMART_RECOMPILE                      ; On                                                            ; Off           ; --              ; --                      ;
; SOPCINFO_FILE                        ; nios_system/synthesis/../../nios_system.sopcinfo              ; --            ; --              ; --                      ;
; SYNTHESIS_ONLY_QIP                   ; On                                                            ; --            ; --              ; --                      ;
+--------------------------------------+---------------------------------------------------------------+---------------+-----------------+-------------------------+


+--------------------------------------------------------------------------------------------------------------------------+
; Flow Elapsed Time                                                                                                        ;
+----------------------+--------------+-------------------------+---------------------+------------------------------------+
; Module Name          ; Elapsed Time ; Average Processors Used ; Peak Virtual Memory ; Total CPU Time (on all processors) ;
+----------------------+--------------+-------------------------+---------------------+------------------------------------+
; Analysis & Synthesis ; 00:01:59     ; 1.0                     ; 5133 MB             ; 00:02:18                           ;
; Fitter               ; 00:04:05     ; 1.1                     ; 5998 MB             ; 00:07:48                           ;
; Assembler            ; 00:00:04     ; 1.0                     ; 4767 MB             ; 00:00:04                           ;
; Power Analyzer       ; 00:00:21     ; 1.1                     ; 5042 MB             ; 00:00:23                           ;
; Timing Analyzer      ; 00:00:20     ; 2.5                     ; 5195 MB             ; 00:00:26                           ;
; EDA Netlist Writer   ; 00:00:21     ; 1.0                     ; 4868 MB             ; 00:00:20                           ;
; Total                ; 00:07:10     ; --                      ; --                  ; 00:11:19                           ;
+----------------------+--------------+-------------------------+---------------------+------------------------------------+


+------------------------------------------------------------------------------------+
; Flow OS Summary                                                                    ;
+----------------------+------------------+------------+------------+----------------+
; Module Name          ; Machine Hostname ; OS Name    ; OS Version ; Processor type ;
+----------------------+------------------+------------+------------+----------------+
; Analysis & Synthesis ; DESKTOP-S0CA1O0  ; Windows 10 ; 10.0       ; x86_64         ;
; Fitter               ; DESKTOP-S0CA1O0  ; Windows 10 ; 10.0       ; x86_64         ;
; Assembler            ; DESKTOP-S0CA1O0  ; Windows 10 ; 10.0       ; x86_64         ;
; Power Analyzer       ; DESKTOP-S0CA1O0  ; Windows 10 ; 10.0       ; x86_64         ;
; Timing Analyzer      ; DESKTOP-S0CA1O0  ; Windows 10 ; 10.0       ; x86_64         ;
; EDA Netlist Writer   ; DESKTOP-S0CA1O0  ; Windows 10 ; 10.0       ; x86_64         ;
+----------------------+------------------+------------+------------+----------------+


------------
; Flow Log ;
------------
quartus_map --read_settings_files=on --write_settings_files=off renderer -c renderer_top
quartus_fit --read_settings_files=off --write_settings_files=off renderer -c renderer_top
quartus_asm --read_settings_files=off --write_settings_files=off renderer -c renderer_top
quartus_pow --read_settings_files=off --write_settings_files=off renderer -c renderer_top
quartus_sta renderer -c renderer_top
quartus_eda --read_settings_files=off --write_settings_files=off renderer -c renderer_top



